============================= test session starts ==============================
platform linux -- Python 3.11.15, pytest-9.0.3, pluggy-1.6.0
rootdir: /opt/hermes-engineering-os/upstream/hermes-otel
configfile: pyproject.toml
testpaths: tests
plugins: cov-7.1.0, anyio-4.13.0
collected 671 items / 15 deselected / 656 selected

tests/integration/test_api_errors.py .........                           [  1%]
tests/integration/test_approval_spans.py .......                         [  2%]
tests/integration/test_batch_processor.py ..........                     [  3%]
tests/integration/test_inmemory_pipeline.py ........                     [  5%]
tests/integration/test_langsmith_integration.py ....                     [  5%]
tests/integration/test_live_store_pipeline.py ...                        [  6%]
tests/integration/test_metrics_pipeline.py ............                  [  8%]
tests/integration/test_multi_backend.py ..............                   [ 10%]
tests/integration/test_orphan_sweep.py .....                             [ 10%]
tests/integration/test_session_lifecycle.py .....                        [ 11%]
tests/integration/test_skill_spans.py .......                            [ 12%]
tests/integration/test_span_hierarchy.py ...........                     [ 14%]
tests/integration/test_subagent_hierarchy.py .........                   [ 15%]
tests/integration/test_tool_attributes.py .............                  [ 17%]
tests/integration/test_turn_summary.py ........                          [ 19%]
tests/unit/test_api_error_helpers.py ................................... [ 24%]
.....                                                                    [ 25%]
tests/unit/test_backends_honeycomb.py ..............                     [ 27%]
tests/unit/test_backends_weave.py ..........                             [ 28%]
tests/unit/test_bundled_skill.py ...                                     [ 29%]
tests/unit/test_config.py .............................................. [ 36%]
...                                                                      [ 36%]
tests/unit/test_config_path_resolution.py ................               [ 39%]
tests/unit/test_dashboard_backends_roots_only.py ......................  [ 42%]
tests/unit/test_helpers.py ............................................. [ 49%]
...                                                                      [ 49%]
tests/unit/test_hooks_callbacks.py ..................................... [ 55%]
..................................                                       [ 60%]
tests/unit/test_hooks_helpers.py ....................................... [ 66%]
..................                                                       [ 69%]
tests/unit/test_install_artifact.py .........................            [ 73%]
tests/unit/test_langsmith_backend.py ..................................  [ 78%]
tests/unit/test_live_store.py ..........                                 [ 79%]
tests/unit/test_log_handler.py ......................................... [ 86%]
.                                                                        [ 86%]
tests/unit/test_subagent_helpers.py ............................         [ 90%]
tests/unit/test_traceparent.py .........                                 [ 91%]
tests/unit/test_tracer_init.py ..................................        [ 97%]
tests/unit/test_tracer_noop.py ...                                       [ 97%]
tests/unit/test_tracer_span_tracker.py ................                  [100%]

=============================== warnings summary ===============================
tests/unit/test_log_handler.py::TestInstallHandler::test_attaches_to_root_by_default
tests/unit/test_log_handler.py::TestInstallHandler::test_attaches_to_named_logger_when_requested
tests/unit/test_log_handler.py::TestInstallHandler::test_is_idempotent_across_reinstalls
tests/unit/test_log_handler.py::TestInstallHandler::test_is_idempotent_across_reinstalls
tests/unit/test_log_handler.py::TestInstallHandler::test_is_idempotent_across_reinstalls
tests/unit/test_log_handler.py::TestInstallHandler::test_raises_target_level_to_match_handler
tests/unit/test_log_handler.py::TestInstallHandler::test_leaves_target_level_alone_when_already_low_enough
tests/unit/test_log_handler.py::TestTracerLogsPipelineWiring::test_installs_handler_when_capture_logs_true
  /opt/hermes-engineering-os/.runtime/hermes-otel-uv/lib/python3.11/site-packages/opentelemetry/sdk/_logs/_internal/__init__.py:547: DeprecationWarning: `LoggingHandler` in `opentelemetry-sdk` is deprecated. Use the handler from `opentelemetry-instrumentation-logging` instead.
    warnings.warn(

-- Docs: https://docs.pytest.org/en/stable/how-to/capture-warnings.html
================================ tests coverage ================================
_______________ coverage: platform linux, python 3.11.15-final-0 _______________

Name                               Stmts   Miss  Cover
------------------------------------------------------
hermes_otel/__init__.py               44      6    86%
hermes_otel/backends.py              189      4    98%
hermes_otel/debug_utils.py            25      5    80%
hermes_otel/helpers.py               168      5    97%
hermes_otel/hooks.py                 881     69    92%
hermes_otel/langsmith_backend.py     132      7    95%
hermes_otel/live_store.py             89      2    98%
hermes_otel/log_handler.py            73      3    96%
hermes_otel/plugin_config.py         267     37    86%
hermes_otel/session_state.py          70      3    96%
hermes_otel/span_tracker.py           82      1    99%
hermes_otel/tracer.py                480     60    88%
------------------------------------------------------
TOTAL                               2500    202    92%
Required test coverage of 85% reached. Total coverage: 91.92%
=============== 656 passed, 15 deselected, 8 warnings in 15.46s ================
